<?xml version="1.0" encoding="UTF-8"?>
<!-- Generated by org.testng.reporters.JUnitReportReporter -->
<testsuite hostname="NODLTP52039252" failures="0" tests="1" name="handelingWindows.Implementingconcepts" time="28.861" errors="0" timestamp="22 Sep 2020 18:18:45 GMT">
  <testcase classname="handelingWindows.Implementingconcepts" name="tc1" time="28.861"/>
</testsuite> <!-- handelingWindows.Implementingconcepts -->
