<?xml version="1.0" encoding="UTF-8"?>
<!-- Generated by org.testng.reporters.JUnitReportReporter -->
<testsuite hostname="NODLTP52039252" failures="0" tests="6" name="handelingWindows.PracticeTestng" time="0.075" errors="0" timestamp="23 Sep 2020 20:39:13 GMT">
  <testcase classname="handelingWindows.PracticeTestng" name="tc3" time="0.017"/>
  <testcase classname="handelingWindows.PracticeTestng" name="para" time="0.007"/>
  <testcase classname="handelingWindows.PracticeTestng" name="tc4" time="0.016"/>
  <testcase classname="handelingWindows.PracticeTestng" name="tc2" time="0.002"/>
  <testcase classname="handelingWindows.PracticeTestng" name="para" time="0.016"/>
  <testcase classname="handelingWindows.PracticeTestng" name="tc1" time="0.017"/>
</testsuite> <!-- handelingWindows.PracticeTestng -->
